<?xml version="1.0" encoding="UTF-8"?>
<!-- Generated by org.testng.reporters.JUnitReportReporter -->
<testsuite hostname="DESKTOP-HKBQ6K6" failures="0" tests="2" name="dataprovider.MultipleDataForSameRequest" time="3.845" errors="0" timestamp="2021-12-10T12:58:59 IST" skipped="0">
  <testcase classname="dataprovider.MultipleDataForSameRequest" name="multidatarequest" time="3.660"/>
  <system-out/>
  <testcase classname="dataprovider.MultipleDataForSameRequest" name="multidatarequest" time="0.185"/>
  <system-out/>
</testsuite> <!-- dataprovider.MultipleDataForSameRequest -->
