<?xml version="1.0" encoding="UTF-8"?>
<!-- Generated by org.testng.reporters.JUnitReportReporter -->
<testsuite hostname="DESKTOP-HKBQ6K6" failures="0" tests="1" name="serialanddeserial.Serialization" time="0.552" errors="0" timestamp="2021-12-13T16:38:16 IST" skipped="0">
  <testcase classname="serialanddeserial.Serialization" name="serial" time="0.552"/>
  <system-out/>
</testsuite> <!-- serialanddeserial.Serialization -->
