<?xml version="1.0" encoding="UTF-8"?>
<!-- Generated by org.testng.reporters.JUnitReportReporter -->
<testsuite hostname="DESKTOP-HKBQ6K6" failures="0" tests="1" name="postrequestbyFourType.CreatePostUsingHashmap" time="3.660" errors="0" timestamp="2021-12-09T14:52:06 IST" skipped="0">
  <testcase classname="postrequestbyFourType.CreatePostUsingHashmap" name="createpost" time="3.660"/>
  <system-out/>
</testsuite> <!-- postrequestbyFourType.CreatePostUsingHashmap -->
