<?xml version="1.0" encoding="UTF-8"?>
<!-- Generated by org.testng.reporters.JUnitReportReporter -->
<testsuite hostname="DESKTOP-HKBQ6K6" failures="0" tests="1" name="crud.DemoGet" time="9.344" errors="0" timestamp="2023-03-13T22:50:42 IST" skipped="0">
  <testcase classname="crud.DemoGet" name="getResponses" time="9.344"/>
  <system-out/>
</testsuite> <!-- crud.DemoGet -->
