<?xml version="1.0" encoding="UTF-8"?>
<!-- Generated by org.testng.reporters.JUnitReportReporter -->
<testsuite hostname="DESKTOP-HKBQ6K6" failures="0" tests="1" name="requestchaining.GetAllEResourcesandDeleteOne" time="3.586" errors="0" timestamp="2021-12-13T12:23:26 IST" skipped="0">
  <testcase classname="requestchaining.GetAllEResourcesandDeleteOne" name="testCase1" time="3.586"/>
  <system-out/>
</testsuite> <!-- requestchaining.GetAllEResourcesandDeleteOne -->
