<?xml version="1.0" encoding="UTF-8"?>
<!-- Generated by org.testng.reporters.JUnitReportReporter -->
<testsuite hostname="DESKTOP-HKBQ6K6" failures="0" tests="1" name="crudwithBDD.getallresource" time="3.359" errors="0" timestamp="2021-12-09T11:46:05 IST" skipped="0">
  <testcase classname="crudwithBDD.getallresource" name="getresource" time="3.359"/>
  <system-out/>
</testsuite> <!-- crudwithBDD.getallresource -->
