<?xml version="1.0" encoding="UTF-8"?>
<!-- Generated by org.testng.reporters.JUnitReportReporter -->
<testsuite hostname="DESKTOP-HKBQ6K6" failures="0" tests="1" name="crud.Post" time="3.620" errors="0" timestamp="2021-12-09T12:39:01 IST" skipped="0">
  <testcase classname="crud.Post" name="post" time="3.620"/>
  <system-out/>
</testsuite> <!-- crud.Post -->
