<?xml version="1.0" encoding="UTF-8"?>
<!-- Generated by org.testng.reporters.JUnitReportReporter -->
<testsuite hostname="DESKTOP-HKBQ6K6" failures="0" tests="1" name="hamcrest.PathParameter" time="4.081" errors="0" timestamp="2021-12-10T15:39:39 IST" skipped="0">
  <testcase classname="hamcrest.PathParameter" name="parameter" time="4.081"/>
  <system-out/>
</testsuite> <!-- hamcrest.PathParameter -->
