<?xml version="1.0" encoding="UTF-8"?>
<!-- Generated by org.testng.reporters.JUnitReportReporter -->
<testsuite hostname="DESKTOP-HKBQ6K6" failures="0" tests="1" name="crud.getallresource" time="2.556" errors="0" timestamp="2021-12-09T10:56:58 IST" skipped="0">
  <testcase classname="crud.getallresource" name="get" time="2.556"/>
  <system-out/>
</testsuite> <!-- crud.getallresource -->
