<?xml version="1.0" encoding="UTF-8"?>
<!-- Generated by org.testng.reporters.JUnitReportReporter -->
<testsuite hostname="DESKTOP-HKBQ6K6" failures="0" tests="1" name="securityauth.BasicAuth" time="3.648" errors="0" timestamp="2021-12-13T12:59:12 IST" skipped="0">
  <testcase classname="securityauth.BasicAuth" name="basic" time="3.648"/>
  <system-out/>
</testsuite> <!-- securityauth.BasicAuth -->
