<?xml version="1.0" encoding="UTF-8"?>
<!-- Generated by org.testng.reporters.JUnitReportReporter -->
<testsuite hostname="DESKTOP-HKBQ6K6" failures="0" tests="1" name="com.rmgyantra.testcase.SampleTestCaseTest" time="3.647" errors="0" timestamp="2021-12-14T16:51:32 IST" skipped="0">
  <testcase classname="com.rmgyantra.testcase.SampleTestCaseTest" name="testcasecreation" time="3.647"/>
  <system-out/>
</testsuite> <!-- com.rmgyantra.testcase.SampleTestCaseTest -->
