<?xml version="1.0" encoding="UTF-8"?>
<!-- Generated by org.testng.reporters.JUnitReportReporter -->
<testsuite hostname="DESKTOP-HKBQ6K6" failures="0" tests="1" name="postrequestbyFourType.CreateJsonobjectPost" time="3.517" errors="0" timestamp="2021-12-09T14:44:30 IST" skipped="0">
  <testcase classname="postrequestbyFourType.CreateJsonobjectPost" name="createResource" time="3.517"/>
  <system-out/>
</testsuite> <!-- postrequestbyFourType.CreateJsonobjectPost -->
