<?xml version="1.0" encoding="UTF-8"?>
<!-- Generated by org.testng.reporters.JUnitReportReporter -->
<testsuite hostname="DESKTOP-HKBQ6K6" failures="0" tests="1" name="serialanddeserial.deserialized" time="0.370" errors="0" timestamp="2021-12-13T17:05:59 IST" skipped="0">
  <testcase classname="serialanddeserial.deserialized" name="deserial" time="0.370"/>
  <system-out/>
</testsuite> <!-- serialanddeserial.deserialized -->
