<?xml version="1.0" encoding="UTF-8"?>
<!-- Generated by org.testng.reporters.JUnitReportReporter -->
<testsuite hostname="DESKTOP-HKBQ6K6" failures="0" tests="1" name="postrequestbyFourType.CreatePostByPojo" time="3.803" errors="0" timestamp="2021-12-09T16:03:36 IST" skipped="0">
  <testcase classname="postrequestbyFourType.CreatePostByPojo" name="Create" time="3.803"/>
  <system-out/>
</testsuite> <!-- postrequestbyFourType.CreatePostByPojo -->
