<?xml version="1.0" encoding="UTF-8"?>
<!-- Generated by org.testng.reporters.JUnitReportReporter -->
<testsuite hostname="DESKTOP-HKBQ6K6" failures="0" tests="1" name="crud.PutResource" time="3.445" errors="0" timestamp="2021-12-09T12:42:48 IST" skipped="0">
  <testcase classname="crud.PutResource" name="put" time="3.445"/>
  <system-out/>
</testsuite> <!-- crud.PutResource -->
