<?xml version="1.0" encoding="UTF-8"?>
<!-- Generated by org.testng.reporters.JUnitReportReporter -->
<testsuite hostname="DESKTOP-HKBQ6K6" failures="0" tests="1" name="crudwithBDD.Postwithbdd" time="3.448" errors="0" timestamp="2021-12-09T12:26:34 IST" skipped="0">
  <testcase classname="crudwithBDD.Postwithbdd" name="post" time="3.448"/>
  <system-out/>
</testsuite> <!-- crudwithBDD.Postwithbdd -->
