<?xml version="1.0" encoding="UTF-8"?>
<!-- Generated by org.testng.reporters.JUnitReportReporter -->
<testsuite hostname="DESKTOP-HKBQ6K6" failures="0" tests="1" name="crud.DeleteResource" time="4.070" errors="0" timestamp="2021-12-09T12:48:34 IST" skipped="0">
  <testcase classname="crud.DeleteResource" name="delete" time="4.070"/>
  <system-out/>
</testsuite> <!-- crud.DeleteResource -->
