<?xml version="1.0" encoding="UTF-8"?>
<!-- Generated by org.testng.reporters.JUnitReportReporter -->
<testsuite hostname="DESKTOP-HKBQ6K6" failures="0" tests="1" name="responses.DynamicResponce" time="3.452" errors="0" timestamp="2021-12-10T11:44:18 IST" skipped="0">
  <testcase classname="responses.DynamicResponce" name="validateresponce" time="3.452"/>
  <system-out/>
</testsuite> <!-- responses.DynamicResponce -->
