<?xml version="1.0" encoding="UTF-8"?>
<!-- Generated by org.testng.reporters.JUnitReportReporter -->
<testsuite hostname="DESKTOP-HKBQ6K6" failures="0" tests="1" name="postrequestbyFourType.CreatePostByJsonFile" time="3.351" errors="0" timestamp="2021-12-09T14:44:05 IST" skipped="0">
  <testcase classname="postrequestbyFourType.CreatePostByJsonFile" name="createpost" time="3.351"/>
  <system-out/>
</testsuite> <!-- postrequestbyFourType.CreatePostByJsonFile -->
