<?xml version="1.0" encoding="UTF-8"?>
<!-- Generated by org.testng.reporters.JUnitReportReporter -->
<testsuite hostname="DESKTOP-HKBQ6K6" failures="0" tests="1" name="requestchaining.CreateAndDeleteresource" time="4.915" errors="0" timestamp="2021-12-13T15:47:31 IST" skipped="0">
  <testcase classname="requestchaining.CreateAndDeleteresource" name="assignment" time="4.915"/>
  <system-out/>
</testsuite> <!-- requestchaining.CreateAndDeleteresource -->
