<?xml version="1.0" encoding="UTF-8"?>
<!-- Generated by org.testng.reporters.JUnitReportReporter -->
<testsuite hostname="DESKTOP-HKBQ6K6" failures="0" tests="2" name="securityauth.OtherAUth" time="6.315" errors="0" timestamp="2021-12-13T16:11:09 IST" skipped="0">
  <testcase classname="securityauth.OtherAUth" name="preeptiveAuth" time="0.392"/>
  <system-out/>
  <testcase classname="securityauth.OtherAUth" name="digestiveAuth" time="5.923"/>
  <system-out/>
</testsuite> <!-- securityauth.OtherAUth -->
