<?xml version="1.0" encoding="UTF-8"?>
<!-- Generated by org.testng.reporters.JUnitReportReporter -->
<testsuite hostname="DESKTOP-HKBQ6K6" failures="0" tests="1" name="crudwithBDD.Putresource" time="3.846" errors="0" timestamp="2021-12-09T12:14:11 IST" skipped="0">
  <testcase classname="crudwithBDD.Putresource" name="put" time="3.846"/>
  <system-out/>
</testsuite> <!-- crudwithBDD.Putresource -->
