<?xml version="1.0" encoding="UTF-8"?>
<!-- Generated by org.testng.reporters.JUnitReportReporter -->
<testsuite hostname="DESKTOP-HKBQ6K6" failures="0" tests="1" name="securityauth.BearerTocken" time="6.151" errors="0" timestamp="2021-12-13T13:13:37 IST" skipped="0">
  <testcase classname="securityauth.BearerTocken" name="validate" time="6.151"/>
  <system-out/>
</testsuite> <!-- securityauth.BearerTocken -->
