<?xml version="1.0" encoding="UTF-8"?>
<!-- Generated by org.testng.reporters.JUnitReportReporter -->
<testsuite hostname="DESKTOP-HKBQ6K6" failures="0" tests="1" name="crudwithBDD.Deleteresource" time="2.932" errors="0" timestamp="2021-12-09T12:25:58 IST" skipped="0">
  <testcase classname="crudwithBDD.Deleteresource" name="delete" time="2.932"/>
  <system-out/>
</testsuite> <!-- crudwithBDD.Deleteresource -->
