<?xml version="1.0" encoding="UTF-8"?>
<!-- Generated by org.testng.reporters.JUnitReportReporter -->
<testsuite hostname="DESKTOP-HKBQ6K6" failures="0" tests="1" name="responses.StaticResponse" time="3.918" errors="0" timestamp="2021-12-10T11:42:36 IST" skipped="0">
  <testcase classname="responses.StaticResponse" name="validate" time="3.918"/>
  <system-out/>
</testsuite> <!-- responses.StaticResponse -->
